<?xml version="1.0" encoding="UTF-8"?>
<!-- Generated by org.testng.reporters.JUnitXMLReporter -->
<testsuite hostname="Suresh" ignored="0" name="Default test" tests="4" failures="0" timestamp="2020-03-11T00:01:42 IST" time="117.259" errors="0">
  <testcase name="AddNewContact" time="6.557" classname="com.crm.qa.testcases.ContactsNewPageTest"/>
  <testcase name="AddNewContact" time="6.187" classname="com.crm.qa.testcases.ContactsNewPageTest"/>
  <testcase name="AddNewContact" time="6.194" classname="com.crm.qa.testcases.ContactsNewPageTest"/>
  <testcase name="AddNewContact" time="6.48" classname="com.crm.qa.testcases.ContactsNewPageTest"/>
</testsuite> <!-- Default test -->
