<?xml version="1.0" encoding="UTF-8"?>
<testng-results skipped="0" failed="0" ignored="0" total="4" passed="4">
  <reporter-output>
  </reporter-output>
  <suite name="Default suite" duration-ms="117259" started-at="2020-03-10T23:59:45 IST" finished-at="2020-03-11T00:01:42 IST">
    <groups>
    </groups>
    <test name="Default test" duration-ms="117259" started-at="2020-03-10T23:59:45 IST" finished-at="2020-03-11T00:01:42 IST">
      <class name="com.crm.qa.testcases.ContactsNewPageTest">
        <test-method status="PASS" signature="setUp()[pri:0, instance:com.crm.qa.testcases.ContactsNewPageTest@e320068]" name="setUp" is-config="true" duration-ms="26097" started-at="2020-03-10T23:59:48 IST" finished-at="2020-03-11T00:00:14 IST">
          <reporter-output>
          </reporter-output>
        </test-method> <!-- setUp -->
        <test-method status="PASS" signature="AddNewContact(java.lang.String, java.lang.String, java.lang.String, java.lang.String)[pri:0, instance:com.crm.qa.testcases.ContactsNewPageTest@e320068]" name="AddNewContact" duration-ms="6557" started-at="2020-03-11T00:00:14 IST" data-provider="getCRMTestData" finished-at="2020-03-11T00:00:20 IST">
          <params>
            <param index="0">
              <value>
                <![CDATA[Suresh]]>
              </value>
            </param>
            <param index="1">
              <value>
                <![CDATA[Lash]]>
              </value>
            </param>
            <param index="2">
              <value>
                <![CDATA[UST]]>
              </value>
            </param>
            <param index="3">
              <value>
                <![CDATA[tetsgemail@suresh.com]]>
              </value>
            </param>
          </params>
          <reporter-output>
          </reporter-output>
        </test-method> <!-- AddNewContact -->
        <test-method status="PASS" signature="tearDown()[pri:0, instance:com.crm.qa.testcases.ContactsNewPageTest@e320068]" name="tearDown" is-config="true" duration-ms="809" started-at="2020-03-11T00:00:20 IST" finished-at="2020-03-11T00:00:21 IST">
          <reporter-output>
          </reporter-output>
        </test-method> <!-- tearDown -->
        <test-method status="PASS" signature="setUp()[pri:0, instance:com.crm.qa.testcases.ContactsNewPageTest@e320068]" name="setUp" is-config="true" duration-ms="19358" started-at="2020-03-11T00:00:21 IST" finished-at="2020-03-11T00:00:41 IST">
          <reporter-output>
          </reporter-output>
        </test-method> <!-- setUp -->
        <test-method status="PASS" signature="AddNewContact(java.lang.String, java.lang.String, java.lang.String, java.lang.String)[pri:0, instance:com.crm.qa.testcases.ContactsNewPageTest@e320068]" name="AddNewContact" duration-ms="6187" started-at="2020-03-11T00:00:41 IST" data-provider="getCRMTestData" finished-at="2020-03-11T00:00:47 IST">
          <params>
            <param index="0">
              <value>
                <![CDATA[yhn]]>
              </value>
            </param>
            <param index="1">
              <value>
                <![CDATA[ujm]]>
              </value>
            </param>
            <param index="2">
              <value>
                <![CDATA[Qwe]]>
              </value>
            </param>
            <param index="3">
              <value>
                <![CDATA[tetsgesil@suresh.com]]>
              </value>
            </param>
          </params>
          <reporter-output>
          </reporter-output>
        </test-method> <!-- AddNewContact -->
        <test-method status="PASS" signature="tearDown()[pri:0, instance:com.crm.qa.testcases.ContactsNewPageTest@e320068]" name="tearDown" is-config="true" duration-ms="1012" started-at="2020-03-11T00:00:47 IST" finished-at="2020-03-11T00:00:48 IST">
          <reporter-output>
          </reporter-output>
        </test-method> <!-- tearDown -->
        <test-method status="PASS" signature="setUp()[pri:0, instance:com.crm.qa.testcases.ContactsNewPageTest@e320068]" name="setUp" is-config="true" duration-ms="21908" started-at="2020-03-11T00:00:48 IST" finished-at="2020-03-11T00:01:10 IST">
          <reporter-output>
          </reporter-output>
        </test-method> <!-- setUp -->
        <test-method status="PASS" signature="AddNewContact(java.lang.String, java.lang.String, java.lang.String, java.lang.String)[pri:0, instance:com.crm.qa.testcases.ContactsNewPageTest@e320068]" name="AddNewContact" duration-ms="6194" started-at="2020-03-11T00:01:10 IST" data-provider="getCRMTestData" finished-at="2020-03-11T00:01:16 IST">
          <params>
            <param index="0">
              <value>
                <![CDATA[ujm]]>
              </value>
            </param>
            <param index="1">
              <value>
                <![CDATA[iop]]>
              </value>
            </param>
            <param index="2">
              <value>
                <![CDATA[rew]]>
              </value>
            </param>
            <param index="3">
              <value>
                <![CDATA[te2sgesil@suresh.com]]>
              </value>
            </param>
          </params>
          <reporter-output>
          </reporter-output>
        </test-method> <!-- AddNewContact -->
        <test-method status="PASS" signature="tearDown()[pri:0, instance:com.crm.qa.testcases.ContactsNewPageTest@e320068]" name="tearDown" is-config="true" duration-ms="665" started-at="2020-03-11T00:01:16 IST" finished-at="2020-03-11T00:01:16 IST">
          <reporter-output>
          </reporter-output>
        </test-method> <!-- tearDown -->
        <test-method status="PASS" signature="setUp()[pri:0, instance:com.crm.qa.testcases.ContactsNewPageTest@e320068]" name="setUp" is-config="true" duration-ms="18168" started-at="2020-03-11T00:01:16 IST" finished-at="2020-03-11T00:01:35 IST">
          <reporter-output>
          </reporter-output>
        </test-method> <!-- setUp -->
        <test-method status="PASS" signature="AddNewContact(java.lang.String, java.lang.String, java.lang.String, java.lang.String)[pri:0, instance:com.crm.qa.testcases.ContactsNewPageTest@e320068]" name="AddNewContact" duration-ms="6480" started-at="2020-03-11T00:01:35 IST" data-provider="getCRMTestData" finished-at="2020-03-11T00:01:41 IST">
          <params>
            <param index="0">
              <value>
                <![CDATA[qac]]>
              </value>
            </param>
            <param index="1">
              <value>
                <![CDATA[ryj]]>
              </value>
            </param>
            <param index="2">
              <value>
                <![CDATA[uyj]]>
              </value>
            </param>
            <param index="3">
              <value>
                <![CDATA[te2ssdsil@suresh.com]]>
              </value>
            </param>
          </params>
          <reporter-output>
          </reporter-output>
        </test-method> <!-- AddNewContact -->
        <test-method status="PASS" signature="tearDown()[pri:0, instance:com.crm.qa.testcases.ContactsNewPageTest@e320068]" name="tearDown" is-config="true" duration-ms="753" started-at="2020-03-11T00:01:41 IST" finished-at="2020-03-11T00:01:42 IST">
          <reporter-output>
          </reporter-output>
        </test-method> <!-- tearDown -->
      </class> <!-- com.crm.qa.testcases.ContactsNewPageTest -->
    </test> <!-- Default test -->
  </suite> <!-- Default suite -->
</testng-results>
